<?xml version="1.0" encoding="UTF-8"?>
<!-- Generated by org.testng.reporters.JUnitXMLReporter -->
<testsuite ignored="0" hostname="DESKTOP-PJDS0OP" failures="1" tests="5" name="FirstTest" time="11.218" errors="0" timestamp="01 Apr 2018 04:28:32 GMT">
  <testcase classname="TestNGPack.SecondTestNG" name="@AfterTest closeBrowsersecond" time="0.001">
    <failure type="java.lang.NullPointerException">
      <![CDATA[java.lang.NullPointerException
at TestNGPack.SecondTestNG.closeBrowsersecond(SecondTestNG.java:22)
... Removed 24 stack frames]]>
    </failure>
  </testcase> <!-- @AfterTest closeBrowsersecond -->
  <testcase classname="TestNGPack.SecondTestNG" name="addition" time="0.009"/>
  <testcase classname="TestNGPack.FirstTestNG" name="Test" time="0.001">
    <failure type="java.lang.NullPointerException">
      <![CDATA[java.lang.NullPointerException
at TestNGPack.FirstTestNG.Test(FirstTestNG.java:56)
... Removed 25 stack frames]]>
    </failure>
  </testcase> <!-- Test -->
  <testcase classname="TestNGPack.FirstTestNG" name="Test1" time="0.002"/>
  <testcase classname="TestNGPack.FirstTestNG" name="Test1" time="0.001"/>
  <testcase classname="TestNGPack.FirstTestNG" name="setPropertyforChrome" time="9.514"/>
</testsuite> <!-- FirstTest -->
