<?xml version="1.0" encoding="UTF-8"?>
<testng-results ignored="0" total="5" passed="4" failed="1" skipped="0">
  <reporter-output>
  </reporter-output>
  <suite started-at="2018-04-01T04:28:21Z" name="FirstSuite" finished-at="2018-04-01T04:28:32Z" duration-ms="11218">
    <groups>
    </groups>
    <test started-at="2018-04-01T04:28:21Z" name="FirstTest" finished-at="2018-04-01T04:28:32Z" duration-ms="11218">
      <class name="TestNGPack.SecondTestNG">
        <test-method signature="addition()[pri:0, instance:TestNGPack.SecondTestNG@60015ef5]" started-at="2018-04-01T04:28:21Z" name="addition" finished-at="2018-04-01T04:28:21Z" duration-ms="9" status="PASS">
          <reporter-output>
          </reporter-output>
        </test-method> <!-- addition -->
      </class> <!-- TestNGPack.SecondTestNG -->
      <class name="TestNGPack.FirstTestNG">
        <test-method is-config="true" signature="openBrowser()[pri:0, instance:TestNGPack.FirstTestNG@55740540]" started-at="2018-04-01T04:28:21Z" name="openBrowser" finished-at="2018-04-01T04:28:21Z" duration-ms="27" status="PASS">
          <reporter-output>
          </reporter-output>
        </test-method> <!-- openBrowser -->
        <test-method is-config="true" signature="launchurl()[pri:0, instance:TestNGPack.FirstTestNG@55740540]" started-at="2018-04-01T04:28:21Z" name="launchurl" finished-at="2018-04-01T04:28:21Z" duration-ms="0" status="PASS">
          <reporter-output>
          </reporter-output>
        </test-method> <!-- launchurl -->
        <test-method signature="Test()[pri:0, instance:TestNGPack.FirstTestNG@55740540]" started-at="2018-04-01T04:28:21Z" name="Test" finished-at="2018-04-01T04:28:21Z" duration-ms="1" status="FAIL">
          <exception class="java.lang.NullPointerException">
            <full-stacktrace>
              <![CDATA[java.lang.NullPointerException
at TestNGPack.FirstTestNG.Test(FirstTestNG.java:56)
at java.base/jdk.internal.reflect.NativeMethodAccessorImpl.invoke0(Native Method)
at java.base/jdk.internal.reflect.NativeMethodAccessorImpl.invoke(NativeMethodAccessorImpl.java:62)
at java.base/jdk.internal.reflect.DelegatingMethodAccessorImpl.invoke(DelegatingMethodAccessorImpl.java:43)
at java.base/java.lang.reflect.Method.invoke(Method.java:564)
at org.testng.internal.MethodInvocationHelper.invokeMethod(MethodInvocationHelper.java:124)
at org.testng.internal.Invoker.invokeMethod(Invoker.java:580)
at org.testng.internal.Invoker.invokeTestMethod(Invoker.java:716)
at org.testng.internal.Invoker.invokeTestMethods(Invoker.java:988)
at org.testng.internal.TestMethodWorker.invokeTestMethods(TestMethodWorker.java:125)
at org.testng.internal.TestMethodWorker.run(TestMethodWorker.java:109)
at org.testng.TestRunner.privateRun(TestRunner.java:648)
at org.testng.TestRunner.run(TestRunner.java:505)
at org.testng.SuiteRunner.runTest(SuiteRunner.java:455)
at org.testng.SuiteRunner.runSequentially(SuiteRunner.java:450)
at org.testng.SuiteRunner.privateRun(SuiteRunner.java:415)
at org.testng.SuiteRunner.run(SuiteRunner.java:364)
at org.testng.SuiteRunnerWorker.runSuite(SuiteRunnerWorker.java:52)
at org.testng.SuiteRunnerWorker.run(SuiteRunnerWorker.java:84)
at org.testng.TestNG.runSuitesSequentially(TestNG.java:1208)
at org.testng.TestNG.runSuitesLocally(TestNG.java:1137)
at org.testng.TestNG.runSuites(TestNG.java:1049)
at org.testng.TestNG.run(TestNG.java:1017)
at org.testng.remote.AbstractRemoteTestNG.run(AbstractRemoteTestNG.java:114)
at org.testng.remote.RemoteTestNG.initAndRun(RemoteTestNG.java:251)
at org.testng.remote.RemoteTestNG.main(RemoteTestNG.java:77)
]]>
            </full-stacktrace>
          </exception> <!-- java.lang.NullPointerException -->
          <reporter-output>
          </reporter-output>
        </test-method> <!-- Test -->
        <test-method signature="Test1()[pri:0, instance:TestNGPack.FirstTestNG@55740540]" started-at="2018-04-01T04:28:21Z" name="Test1" finished-at="2018-04-01T04:28:21Z" duration-ms="2" status="PASS">
          <reporter-output>
          </reporter-output>
        </test-method> <!-- Test1 -->
        <test-method signature="Test1()[pri:0, instance:TestNGPack.FirstTestNG@55740540]" started-at="2018-04-01T04:28:21Z" name="Test1" finished-at="2018-04-01T04:28:21Z" duration-ms="1" status="PASS">
          <reporter-output>
          </reporter-output>
        </test-method> <!-- Test1 -->
        <test-method signature="setPropertyforChrome(java.lang.String)[pri:0, instance:TestNGPack.FirstTestNG@55740540]" started-at="2018-04-01T04:28:21Z" name="setPropertyforChrome" finished-at="2018-04-01T04:28:31Z" duration-ms="9514" status="PASS">
          <params>
            <param index="0">
              <value>
                <![CDATA[Firefox]]>
              </value>
            </param>
          </params>
          <reporter-output>
          </reporter-output>
        </test-method> <!-- setPropertyforChrome -->
        <test-method is-config="true" signature="bye()[pri:0, instance:TestNGPack.FirstTestNG@55740540]" started-at="2018-04-01T04:28:31Z" name="bye" finished-at="2018-04-01T04:28:31Z" duration-ms="0" status="PASS">
          <reporter-output>
          </reporter-output>
        </test-method> <!-- bye -->
        <test-method is-config="true" signature="closeBrowser()[pri:0, instance:TestNGPack.FirstTestNG@55740540]" started-at="2018-04-01T04:28:31Z" name="closeBrowser" finished-at="2018-04-01T04:28:32Z" duration-ms="1610" status="PASS">
          <reporter-output>
          </reporter-output>
        </test-method> <!-- closeBrowser -->
        <test-method is-config="true" signature="closeBrowsersecond()[pri:0, instance:TestNGPack.SecondTestNG@60015ef5]" started-at="2018-04-01T04:28:32Z" name="closeBrowsersecond" finished-at="2018-04-01T04:28:32Z" duration-ms="1" status="FAIL">
          <exception class="java.lang.NullPointerException">
            <full-stacktrace>
              <![CDATA[java.lang.NullPointerException
at TestNGPack.SecondTestNG.closeBrowsersecond(SecondTestNG.java:22)
at java.base/jdk.internal.reflect.NativeMethodAccessorImpl.invoke0(Native Method)
at java.base/jdk.internal.reflect.NativeMethodAccessorImpl.invoke(NativeMethodAccessorImpl.java:62)
at java.base/jdk.internal.reflect.DelegatingMethodAccessorImpl.invoke(DelegatingMethodAccessorImpl.java:43)
at java.base/java.lang.reflect.Method.invoke(Method.java:564)
at org.testng.internal.MethodInvocationHelper.invokeMethod(MethodInvocationHelper.java:124)
at org.testng.internal.MethodInvocationHelper.invokeMethodConsideringTimeout(MethodInvocationHelper.java:59)
at org.testng.internal.Invoker.invokeConfigurationMethod(Invoker.java:455)
at org.testng.internal.Invoker.invokeConfigurations(Invoker.java:222)
at org.testng.internal.Invoker.invokeConfigurations(Invoker.java:142)
at org.testng.TestRunner.afterRun(TestRunner.java:725)
at org.testng.TestRunner.run(TestRunner.java:509)
at org.testng.SuiteRunner.runTest(SuiteRunner.java:455)
at org.testng.SuiteRunner.runSequentially(SuiteRunner.java:450)
at org.testng.SuiteRunner.privateRun(SuiteRunner.java:415)
at org.testng.SuiteRunner.run(SuiteRunner.java:364)
at org.testng.SuiteRunnerWorker.runSuite(SuiteRunnerWorker.java:52)
at org.testng.SuiteRunnerWorker.run(SuiteRunnerWorker.java:84)
at org.testng.TestNG.runSuitesSequentially(TestNG.java:1208)
at org.testng.TestNG.runSuitesLocally(TestNG.java:1137)
at org.testng.TestNG.runSuites(TestNG.java:1049)
at org.testng.TestNG.run(TestNG.java:1017)
at org.testng.remote.AbstractRemoteTestNG.run(AbstractRemoteTestNG.java:114)
at org.testng.remote.RemoteTestNG.initAndRun(RemoteTestNG.java:251)
at org.testng.remote.RemoteTestNG.main(RemoteTestNG.java:77)
]]>
            </full-stacktrace>
          </exception> <!-- java.lang.NullPointerException -->
          <reporter-output>
          </reporter-output>
        </test-method> <!-- closeBrowsersecond -->
        <test-method is-config="true" signature="deletcookie()[pri:0, instance:TestNGPack.FirstTestNG@55740540]" started-at="2018-04-01T04:28:33Z" name="deletcookie" finished-at="2018-04-01T04:28:33Z" duration-ms="0" status="SKIP">
          <reporter-output>
          </reporter-output>
        </test-method> <!-- deletcookie -->
      </class> <!-- TestNGPack.FirstTestNG -->
    </test> <!-- FirstTest -->
  </suite> <!-- FirstSuite -->
</testng-results>
